<?xml version="1.0" encoding="UTF-8"?>
<!-- Generated by org.testng.reporters.JUnitReportReporter -->
<testsuite skipped="0" hostname="DESKTOP-ONGOORI" name="TestClass3" tests="1" failures="0" timestamp="26 Aug 2018 15:18:31 GMT" time="2.183" errors="0">
  <testcase name="test3" time="2.183" classname="TestClass3"/>
</testsuite> <!-- TestClass3 -->
