<?xml version="1.0" encoding="UTF-8"?>
<!-- Generated by org.testng.reporters.JUnitReportReporter -->
<testsuite skipped="8" hostname="DESKTOP-ONGOORI" name="TestClass1" tests="9" failures="0" timestamp="20 Nov 2018 15:54:45 GMT" time="2.913" errors="0">
  <testcase name="validateGetAlbumStatusCode" time="2.913" classname="TestClass1"/>
  <testcase name="demo" classname="TestClass1">
    <skipped/>
  </testcase> <!-- demo -->
  <testcase name="validateFirstTitle" classname="TestClass1">
    <skipped/>
  </testcase> <!-- validateFirstTitle -->
  <testcase name="validateAlbumSize1" classname="TestClass1">
    <skipped/>
  </testcase> <!-- validateAlbumSize1 -->
  <testcase name="validateGetAlbumStatusCode1" classname="TestClass1">
    <skipped/>
  </testcase> <!-- validateGetAlbumStatusCode1 -->
  <testcase name="getData" classname="TestClass1">
    <skipped/>
  </testcase> <!-- getData -->
  <testcase name="validateUsersCompany" classname="TestClass1">
    <skipped/>
  </testcase> <!-- validateUsersCompany -->
  <testcase name="validateAlbumSize" classname="TestClass1">
    <skipped/>
  </testcase> <!-- validateAlbumSize -->
  <testcase name="testPhotosContainSpecificContent" classname="TestClass1">
    <skipped/>
  </testcase> <!-- testPhotosContainSpecificContent -->
</testsuite> <!-- TestClass1 -->
