<?xml version="1.0" encoding="UTF-8"?>
<!-- Generated by org.testng.reporters.JUnitReportReporter -->
<testsuite skipped="0" hostname="DESKTOP-ONGOORI" name="hamcrestmatcher.Example1" tests="4" failures="0" timestamp="30 Sep 2018 06:11:15 GMT" time="2.214" errors="0">
  <testcase name="validateGetAlbumStatusCode1" time="0.217" classname="hamcrestmatcher.Example1"/>
  <testcase name="validateFirstTitle" time="0.249" classname="hamcrestmatcher.Example1"/>
  <testcase name="validateFirstTitle1" time="0.170" classname="hamcrestmatcher.Example1"/>
  <testcase name="getTitleWithQ" time="1.578" classname="hamcrestmatcher.Example1"/>
</testsuite> <!-- hamcrestmatcher.Example1 -->
